<?xml version="1.0" encoding="UTF-8"?>
<!-- Generated by org.testng.reporters.JUnitReportReporter -->
<testsuite hostname="ImPacific" failures="0" tests="1" name="com.orangeHRM.qa.tests.LoginPageTest" time="5.007" errors="0" timestamp="2024-06-27T01:11:41 IST" skipped="0">
  <testcase classname="com.orangeHRM.qa.tests.LoginPageTest" name="verifyLogin" time="5.007"/>
  <system-out/>
</testsuite> <!-- com.orangeHRM.qa.tests.LoginPageTest -->
