<?xml version="1.0" encoding="UTF-8"?>
<!-- Generated by org.testng.reporters.JUnitReportReporter -->
<testsuite hostname="ImPacific" failures="0" tests="2" name="com.orangeHRM.qa.tests.MyInfoPageTest" time="13.177" errors="0" timestamp="2024-06-27T01:11:41 IST" skipped="1">
  <testcase classname="com.orangeHRM.qa.tests.MyInfoPageTest" name="validateUserCanEditPersonalDetails" time="13.177"/>
  <system-out/>
  <testcase classname="com.orangeHRM.qa.tests.MyInfoPageTest" name="validateUserIsAbleToSeePersonalDetails">
    <skipped/>
  </testcase> <!-- validateUserIsAbleToSeePersonalDetails -->
  <system-out/>
</testsuite> <!-- com.orangeHRM.qa.tests.MyInfoPageTest -->
