<?xml version="1.0" encoding="UTF-8"?>
<!-- Generated by org.testng.reporters.JUnitReportReporter -->
<testsuite hostname="ImPacific" failures="0" tests="1" name="com.orangeHRM.qa.tests.LoginPageTest" time="5.126" errors="0" timestamp="26 Jun 2024 19:42:47 GMT" skipped="0">
  <testcase classname="com.orangeHRM.qa.tests.LoginPageTest" name="verifyLogin" time="5.126"/>
</testsuite> <!-- com.orangeHRM.qa.tests.LoginPageTest -->
