<?xml version="1.0" encoding="UTF-8"?>
<!-- Generated by org.testng.reporters.JUnitReportReporter -->
<testsuite hostname="ImPacific" failures="0" tests="2" name="com.orangeHRM.qa.tests.MyInfoPageTest" time="19.896" errors="0" timestamp="26 Jun 2024 19:42:47 GMT" skipped="1">
  <testcase classname="com.orangeHRM.qa.tests.MyInfoPageTest" name="validateUserCanEditPersonalDetails" time="19.896"/>
  <testcase classname="com.orangeHRM.qa.tests.MyInfoPageTest" name="validateUserIsAbleToSeePersonalDetails">
    <skipped/>
  </testcase> <!-- validateUserIsAbleToSeePersonalDetails -->
</testsuite> <!-- com.orangeHRM.qa.tests.MyInfoPageTest -->
